<?xml version="1.0" encoding="UTF-8"?>
<testng-results skipped="0" failed="0" ignored="0" total="1" passed="1">
  <reporter-output>
  </reporter-output>
  <suite name="Suite" duration-ms="25339" started-at="2020-10-02T17:11:24 IST" finished-at="2020-10-02T17:11:49 IST">
    <groups>
      <group name="cucumber">
        <method signature="AbstractTestNGCucumberTests.runScenario(io.cucumber.testng.PickleWrapper, io.cucumber.testng.FeatureWrapper)[pri:0, instance:com.crmTestRunner.FirstCRMTestRunner@51e2adc7]" name="runScenario" class="io.cucumber.testng.AbstractTestNGCucumberTests"/>
      </group> <!-- cucumber -->
    </groups>
    <test name="Test" duration-ms="25339" started-at="2020-10-02T17:11:24 IST" finished-at="2020-10-02T17:11:49 IST">
      <class name="com.crmTestRunner.FirstCRMTestRunner">
        <test-method status="PASS" signature="setUpClass()[pri:0, instance:com.crmTestRunner.FirstCRMTestRunner@51e2adc7]" name="setUpClass" is-config="true" duration-ms="693" started-at="2020-10-02T17:11:24 IST" finished-at="2020-10-02T17:11:25 IST">
          <reporter-output>
          </reporter-output>
        </test-method> <!-- setUpClass -->
        <test-method status="PASS" signature="runScenario(io.cucumber.testng.PickleWrapper, io.cucumber.testng.FeatureWrapper)[pri:0, instance:com.crmTestRunner.FirstCRMTestRunner@51e2adc7]" name="runScenario" duration-ms="24570" started-at="2020-10-02T17:11:25 IST" description="Runs Cucumber Scenarios" data-provider="scenarios" finished-at="2020-10-02T17:11:49 IST">
          <params>
            <param index="0">
              <value>
                <![CDATA["Login Logout Feature"]]>
              </value>
            </param>
            <param index="1">
              <value>
                <![CDATA["Optional[CRM Launching Feature]"]]>
              </value>
            </param>
          </params>
          <reporter-output>
          </reporter-output>
        </test-method> <!-- runScenario -->
        <test-method status="PASS" signature="tearDownClass()[pri:0, instance:com.crmTestRunner.FirstCRMTestRunner@51e2adc7]" name="tearDownClass" is-config="true" duration-ms="30" started-at="2020-10-02T17:11:49 IST" finished-at="2020-10-02T17:11:49 IST">
          <reporter-output>
          </reporter-output>
        </test-method> <!-- tearDownClass -->
      </class> <!-- com.crmTestRunner.FirstCRMTestRunner -->
    </test> <!-- Test -->
  </suite> <!-- Suite -->
</testng-results>
